<?xml version="1.0" encoding="UTF-8"?>
<!-- Generated by org.testng.reporters.JUnitReportReporter -->
<testsuite hostname="HYRD5CG7514ST5" name="runners.Runner" tests="1" failures="0" timestamp="14 Jul 2020 13:21:24 GMT" time="66.748" errors="0">
  <testcase name="feature" time="66.748" classname="runners.Runner"/>
</testsuite> <!-- runners.Runner -->
